*** Darwin 1x10 ***
Turn = 0.
  0123456789
0 hhh.tt.hhh

Turn = 2.
  0123456789
0 h.hhtthhh.

Turn = 4.
  0123456789
0 .hhtttthh.

Turn = 6.
  0123456789
0 .hhttttth.

Turn = 8.
  0123456789
0 .httttttt.

Turn = 10.
  0123456789
0 .tttttttt.

Turn = 12.
  0123456789
0 .tttttttt.

Turn = 14.
  0123456789
0 .tttttttt.

Turn = 16.
  0123456789
0 .tttttttt.

Turn = 18.
  0123456789
0 .tttttttt.

Turn = 20.
  0123456789
0 .tttttttt.

*** Darwin 20x20 ***
Turn = 0.
  01234567890123456789
0 r..................r
1 ....................
2 ....................
3 ....................
4 ....................
5 ....................
6 ..........h.........
7 ....................
8 ........t....t......
9 ....................
0 ......h...tt..h.....
1 ..........tt........
2 ....................
3 ........t....t......
4 ..........h.........
5 ....................
6 ....................
7 ....................
8 ....................
9 r..................r

Turn = 2.
  01234567890123456789
0 ..r.................
1 ....................
2 ...................r
3 ....................
4 ....................
5 ....................
6 ........h...........
7 ....................
8 ........t....th.....
9 ....................
0 ..........tt........
1 ..........tt........
2 ......h.............
3 ........t....t......
4 ............h.......
5 ....................
6 ....................
7 r...................
8 ....................
9 .................r..

Turn = 4.
  01234567890123456789
0 ....r...............
1 ....................
2 ....................
3 ....................
4 ...................r
5 ....................
6 ......h.............
7 ....................
8 ........t....tt.....
9 ....................
0 ..........tt........
1 ..........tt........
2 ....................
3 ........t....t......
4 ......h.......h.....
5 r...................
6 ....................
7 ....................
8 ....................
9 ...............r....

Turn = 6.
  01234567890123456789
0 ......r.............
1 ....................
2 ....................
3 ....................
4 ....................
5 ....................
6 ....h..............r
7 ....................
8 ........t....tt.....
9 ....................
0 ..........tt........
1 ..........tt........
2 ....................
3 r.......t....t......
4 ................h...
5 ....................
6 ......h.............
7 ....................
8 ....................
9 .............r......

Turn = 8.
  01234567890123456789
0 ........r...........
1 ....................
2 ....................
3 ....................
4 ....................
5 ....................
6 ..h.................
7 ....................
8 ........t....tt....r
9 ....................
0 ..........tt........
1 r.........tt........
2 ....................
3 ........t....t......
4 ..................h.
5 ....................
6 ....................
7 ....................
8 ......h.............
9 ...........r........

Turn = 10.
  01234567890123456789
0 ..........r.........
1 ....................
2 ....................
3 ....................
4 ....................
5 ....................
6 h...................
7 ....................
8 ........t....tt.....
9 r...................
0 ..........tt.......r
1 ..........tt........
2 ....................
3 ........t....t......
4 ...................h
5 ....................
6 ....................
7 ....................
8 ....................
9 ......h..r..........

Turn = 12.
  01234567890123456789
0 ............r.......
1 ....................
2 ....................
3 ....................
4 ....................
5 ....................
6 h...................
7 r...................
8 ........t....tt.....
9 ....................
0 ..........tt........
1 ..........tt........
2 ...................r
3 ........t....t......
4 ...................h
5 ....................
6 ....................
7 ....................
8 ....................
9 ......hr............

Turn = 14.
  01234567890123456789
0 ..............r.....
1 ....................
2 ....................
3 ....................
4 ....................
5 ....................
6 r...................
7 r...................
8 ........t....tt.....
9 ....................
0 ..........tt........
1 ..........tt........
2 ....................
3 ........t....t.....r
4 ...................r
5 ....................
6 ....................
7 ....................
8 ....................
9 ......rr............

Turn = 16.
  01234567890123456789
0 ................r...
1 ....................
2 ....................
3 ....................
4 r...................
5 ....................
6 r...................
7 ....................
8 ........t....tt.....
9 ....................
0 ..........tt........
1 ..........tt........
2 ....................
3 ........t....t.....r
4 ....................
5 ....................
6 ...................r
7 .......r............
8 ....................
9 ....r...............

Turn = 18.
  01234567890123456789
0 ..................r.
1 ....................
2 r...................
3 ....................
4 r...................
5 ....................
6 ....................
7 ....................
8 ........t....tt.....
9 ....................
0 ..........tt........
1 ..........tt.......r
2 ....................
3 ........t....t......
4 ....................
5 .......r............
6 ....................
7 ....................
8 ...................r
9 ..r.................

Turn = 20.
  01234567890123456789
0 r..................r
1 ....................
2 r...................
3 ....................
4 ....................
5 ....................
6 ....................
7 ....................
8 ........t....tt.....
9 ...................r
0 ..........tt........
1 ..........tt........
2 ....................
3 .......rt....t......
4 ....................
5 ....................
6 ....................
7 ....................
8 ....................
9 r..................r

Turn = 22.
  01234567890123456789
0 r...................
1 r...................
2 ...................r
3 ....................
4 ....................
5 ....................
6 ....................
7 ...................r
8 ........t....tt.....
9 ....................
0 ..........tt........
1 .......r..tt........
2 ....................
3 ........t....t......
4 ....................
5 ....................
6 ....................
7 ....................
8 r...................
9 .................r..

Turn = 24.
  01234567890123456789
0 r...................
1 ..r.................
2 ....................
3 ....................
4 ...................r
5 ...................r
6 ....................
7 ....................
8 ........t....tt.....
9 .......r............
0 ..........tt........
1 ..........tt........
2 ....................
3 ........t....t......
4 ....................
5 ....................
6 r...................
7 ....................
8 ....................
9 ...............r....

Turn = 26.
  01234567890123456789
0 ....................
1 ....r...............
2 r...................
3 ....................
4 ...................r
5 ..................r.
6 ....................
7 .......r............
8 ........t....tt.....
9 ....................
0 ..........tt........
1 ..........tt........
2 ....................
3 ........t....t......
4 r...................
5 ....................
6 ....................
7 ....................
8 ....................
9 .............r......

Turn = 28.
  01234567890123456789
0 ....................
1 ......r.............
2 ...................r
3 ....................
4 r...................
5 .......r........r...
6 ....................
7 ....................
8 ........t....tt.....
9 ....................
0 ..........tt........
1 ..........tt........
2 r...................
3 ........t....t......
4 ....................
5 ....................
6 ....................
7 ....................
8 ....................
9 ...........r........

Turn = 30.
  01234567890123456789
0 ...................r
1 ........r...........
2 ....................
3 .......r............
4 ....................
5 ..............r.....
6 r...................
7 ....................
8 ........t....tt.....
9 ....................
0 r.........tt........
1 ..........tt........
2 ....................
3 ........t....t......
4 ....................
5 ....................
6 ....................
7 ....................
8 ....................
9 .........r..........

Turn = 32.
  01234567890123456789
0 ..................r.
1 .......r..r.........
2 ....................
3 ....................
4 ....................
5 ............r.......
6 ....................
7 ....................
8 r.......t....tt.....
9 r...................
0 ..........tt........
1 ..........tt........
2 ....................
3 ........t....t......
4 ....................
5 ....................
6 ....................
7 ....................
8 ....................
9 .......r............

Turn = 34.
  01234567890123456789
0 .......r........r...
1 ............r.......
2 ....................
3 ....................
4 ....................
5 ..........r.........
6 ....................
7 ....................
8 .r......t....tt.....
9 ..r.................
0 ..........tt........
1 ..........tt........
2 ....................
3 ........t....t......
4 ....................
5 ....................
6 ....................
7 ....................
8 ....................
9 .....r..............

Turn = 36.
  01234567890123456789
0 .........r....r.....
1 ..............r.....
2 ....................
3 ....................
4 ....................
5 ........r...........
6 ....................
7 ....................
8 ...r....t....tt.....
9 ....r...............
0 ..........tt........
1 ..........tt........
2 ....................
3 ........t....t......
4 ....................
5 ....................
6 ....................
7 ....................
8 ....................
9 ...r................

Turn = 38.
  01234567890123456789
0 ...........rr.......
1 ................r...
2 ....................
3 ....................
4 ....................
5 ......r.............
6 ....................
7 ....................
8 .....r..t....tt.....
9 ......r.............
0 ..........tt........
1 ..........tt........
2 ....................
3 ........t....t......
4 ....................
5 ....................
6 ....................
7 ....................
8 ....................
9 .r..................

Turn = 40.
  01234567890123456789
0 ....................
1 ...........rr.....r.
2 ....................
3 ....................
4 ....................
5 ....r...............
6 ....................
7 ....................
8 .......tt....tt.....
9 ........r...........
0 ..........tt........
1 ..........tt........
2 ....................
3 ........t....t......
4 ....................
5 ....................
6 ....................
7 ....................
8 ....................
9 r...................

Turn = 42.
  01234567890123456789
0 ....................
1 ...................r
2 ....................
3 ...........rr.......
4 ....................
5 ..r.................
6 ....................
7 ....................
8 .......tt....tt.....
9 ..........r.........
0 ..........tt........
1 ..........tt........
2 ....................
3 ........t....t......
4 ....................
5 ....................
6 ....................
7 ....................
8 ....................
9 .r..................

Turn = 44.
  01234567890123456789
0 ....................
1 ....................
2 ....................
3 ...................r
4 ....................
5 r..........rr.......
6 ....................
7 ....................
8 .......tt....tt.....
9 ............r.......
0 ..........tt........
1 ..........tt........
2 ....................
3 ........t....t......
4 ....................
5 ....................
6 ....................
7 ....................
8 ....................
9 ...r................

Turn = 46.
  01234567890123456789
0 ....................
1 ....................
2 ....................
3 ....................
4 r...................
5 ...................r
6 ....................
7 ...........rr.......
8 .......tt....tt.....
9 ..............r.....
0 ..........tt........
1 ..........tt........
2 ....................
3 ........t....t......
4 ....................
5 ....................
6 ....................
7 ....................
8 ....................
9 .....r..............

Turn = 48.
  01234567890123456789
0 ....................
1 ....................
2 r...................
3 ....................
4 ....................
5 ....................
6 ....................
7 ...................r
8 .......tt....tt.....
9 ...........rr...r...
0 ..........tt........
1 ..........tt........
2 ....................
3 ........t....t......
4 ....................
5 ....................
6 ....................
7 ....................
8 ....................
9 .......r............

Turn = 50.
  01234567890123456789
0 r...................
1 ....................
2 ....................
3 ....................
4 ....................
5 ....................
6 ....................
7 ....................
8 .......tt....tt.....
9 ...........r......rr
0 ..........tr........
1 ..........trr.......
2 ....................
3 ........t....t......
4 ....................
5 ....................
6 ....................
7 ....................
8 ....................
9 .........r..........

Turn = 52.
  01234567890123456789
0 r...................
1 ....................
2 ....................
3 ....................
4 ....................
5 ....................
6 ....................
7 ....................
8 .......tt....tt...r.
9 .........r..........
0 ..........tt........
1 ..........tt.......r
2 ....................
3 ........t...rt......
4 ....................
5 ....................
6 ....................
7 ....................
8 ....................
9 ...........r........

Turn = 54.
  01234567890123456789
0 .r..................
1 ....................
2 ....................
3 ....................
4 ....................
5 ....................
6 ..................r.
7 ....................
8 .......tt....tt.....
9 ........t...........
0 ..........tt........
1 ..........tt........
2 ....................
3 ........t....t.....r
4 ....................
5 ............r.......
6 ....................
7 ....................
8 ....................
9 .............r......

Turn = 56.
  01234567890123456789
0 ...r................
1 ....................
2 ....................
3 ....................
4 ..................r.
5 ....................
6 ....................
7 ....................
8 .......tt....tt.....
9 ........t...........
0 ..........tt........
1 ..........tt........
2 ....................
3 ........t....t......
4 ....................
5 ...................r
6 ....................
7 ............r.......
8 ....................
9 ...............r....

Turn = 58.
  01234567890123456789
0 .....r..............
1 ....................
2 ..................r.
3 ....................
4 ....................
5 ....................
6 ....................
7 ....................
8 .......tt....tt.....
9 ........t...........
0 ..........tt........
1 ..........tt........
2 ....................
3 ........t....t......
4 ....................
5 ....................
6 ....................
7 ...................r
8 ....................
9 ............r....r..

Turn = 60.
  01234567890123456789
0 .......r..........r.
1 ....................
2 ....................
3 ....................
4 ....................
5 ....................
6 ....................
7 ....................
8 .......tt....tt.....
9 ........t...........
0 ..........tt........
1 ..........tt........
2 ....................
3 ........t....t......
4 ....................
5 ....................
6 ....................
7 ....................
8 ....................
9 .............r....rr

Turn = 62.
  01234567890123456789
0 .........r.......r..
1 ....................
2 ....................
3 ....................
4 ....................
5 ....................
6 ....................
7 ....................
8 .......tt....tt.....
9 ........t...........
0 ..........tt........
1 ..........tt........
2 ....................
3 ........t....t......
4 ....................
5 ....................
6 ....................
7 ....................
8 ....................
9 ...............r.rr.

Turn = 64.
  01234567890123456789
0 ...........r...r....
1 ....................
2 ....................
3 ....................
4 ....................
5 ....................
6 ....................
7 ....................
8 .......tt....tt.....
9 ........t...........
0 ..........tt........
1 ..........tt........
2 ....................
3 ........t....t......
4 ....................
5 ....................
6 ....................
7 ....................
8 .................rr.
9 ................r...

Turn = 66.
  01234567890123456789
0 .............rr.....
1 ....................
2 ....................
3 ....................
4 ....................
5 ....................
6 ....................
7 ....................
8 .......tt....tt.....
9 ........t...........
0 ..........tt........
1 ..........tt........
2 ....................
3 ........t....t......
4 ....................
5 ....................
6 .................rr.
7 ................r...
8 ....................
9 ....................

Turn = 68.
  01234567890123456789
0 .............rr.....
1 ....................
2 ....................
3 ....................
4 ....................
5 ....................
6 ....................
7 ....................
8 .......tt....tt.....
9 ........t...........
0 ..........tt........
1 ..........tt........
2 ....................
3 ........t....t......
4 .................rr.
5 ................r...
6 ....................
7 ....................
8 ....................
9 ....................

Turn = 70.
  01234567890123456789
0 ....................
1 .............r......
2 ..............r.....
3 ....................
4 ....................
5 ....................
6 ....................
7 ....................
8 .......tt....tt.....
9 ........t...........
0 ..........tt........
1 ..........tt........
2 .................rr.
3 ........t....t..r...
4 ....................
5 ....................
6 ....................
7 ....................
8 ....................
9 ....................

Turn = 72.
  01234567890123456789
0 ....................
1 ....................
2 ....................
3 .............r......
4 ..............r.....
5 ....................
6 ....................
7 ....................
8 .......tt....tt.....
9 ........t...........
0 ..........tt.....rr.
1 ..........tt....r...
2 ....................
3 ........t....t......
4 ....................
5 ....................
6 ....................
7 ....................
8 ....................
9 ....................

Turn = 74.
  01234567890123456789
0 ....................
1 ....................
2 ....................
3 ....................
4 ....................
5 .............r......
6 ..............r.....
7 ....................
8 .......tt....tt..rr.
9 ........t.......r...
0 ..........tt........
1 ..........tt........
2 ....................
3 ........t....t......
4 ....................
5 ....................
6 ....................
7 ....................
8 ....................
9 ....................

Turn = 76.
  01234567890123456789
0 ....................
1 ....................
2 ....................
3 ....................
4 ....................
5 ....................
6 .................rr.
7 .............rt.r...
8 .......tt....tt.....
9 ........t...........
0 ..........tt........
1 ..........tt........
2 ....................
3 ........t....t......
4 ....................
5 ....................
6 ....................
7 ....................
8 ....................
9 ....................

Turn = 78.
  01234567890123456789
0 ....................
1 ....................
2 ....................
3 ....................
4 .................rr.
5 ................r...
6 ....................
7 .............rt.....
8 .......tt...r.t.....
9 ........t...........
0 ..........tt........
1 ..........tt........
2 ....................
3 ........t....t......
4 ....................
5 ....................
6 ....................
7 ....................
8 ....................
9 ....................

Turn = 80.
  01234567890123456789
0 ....................
1 ....................
2 .................rr.
3 ................r...
4 ....................
5 ....................
6 ....................
7 ..............t.....
8 .......tt.r...t.....
9 ........t....r......
0 ..........tt........
1 ..........tt........
2 ....................
3 ........t....t......
4 ....................
5 ....................
6 ....................
7 ....................
8 ....................
9 ....................

Turn = 82.
  01234567890123456789
0 .................rr.
1 ................r...
2 ....................
3 ....................
4 ....................
5 ....................
6 ....................
7 ..............t.....
8 .......trr....t.....
9 ........t...........
0 ..........tt........
1 ..........tt.r......
2 ....................
3 ........t....t......
4 ....................
5 ....................
6 ....................
7 ....................
8 ....................
9 ....................

Turn = 84.
  01234567890123456789
0 ................rrr.
1 ....................
2 ....................
3 ....................
4 ....................
5 ....................
6 ....................
7 ..............t.....
8 .......t......t.....
9 ........rr..........
0 ..........tt........
1 ........r.tt........
2 .............r......
3 ........t.....r.....
4 ....................
5 ....................
6 ....................
7 ....................
8 ....................
9 ....................

Turn = 86.
  01234567890123456789
0 ................r.r.
1 ....................
2 ..................r.
3 ....................
4 ....................
5 ....................
6 ....................
7 ..............t.....
8 .......t......t.....
9 ....................
0 ..........tt........
1 ........rttt........
2 ........r...........
3 ........r.......r...
4 .............r......
5 ....................
6 ....................
7 ....................
8 ....................
9 ....................

Turn = 88.
  01234567890123456789
0 ..................rr
1 ....................
2 ....................
3 ....................
4 ..................r.
5 ....................
6 ....................
7 ..............t.....
8 .......t......t.....
9 ....................
0 ..........tt........
1 ........rr.t........
2 .......r..r.........
3 ..........r.......r.
4 ....................
5 ....................
6 .............r......
7 ....................
8 ....................
9 ....................

Turn = 90.
  01234567890123456789
0 ..................r.
1 ..................r.
2 ....................
3 ....................
4 ....................
5 ....................
6 ..................r.
7 ..............t.....
8 .......t......t.....
9 ....................
0 ..........tt........
1 ..........tt........
2 .....r..rr..........
3 ............r......r
4 ....................
5 ....................
6 ....................
7 ....................
8 .............r......
9 ....................

Turn = 92.
  01234567890123456789
0 ................r...
1 ....................
2 ....................
3 ..................r.
4 ....................
5 ....................
6 ....................
7 ..............t.....
8 .......t......t...r.
9 ....................
0 ..........tt........
1 ..........tt........
2 ...r...r............
3 ..............r.....
4 ........r...........
5 ...................r
6 ....................
7 ....................
8 ....................
9 .............r......

Turn = 94.
  01234567890123456789
0 ..............r.....
1 ....................
2 ....................
3 ....................
4 ....................
5 ..................r.
6 ....................
7 ..............t.....
8 .......t......t.....
9 ....................
0 ..........tt......r.
1 ..........tt........
2 .r...r..............
3 ................r...
4 ....................
5 ....................
6 ........r...........
7 ...................r
8 ....................
9 ...............r....

Turn = 96.
  01234567890123456789
0 ............r.......
1 ....................
2 ....................
3 ....................
4 ....................
5 ....................
6 ....................
7 ..............t...r.
8 .......t......t.....
9 ....................
0 ..........tt........
1 ..........tt........
2 r..r..............r.
3 ..................r.
4 ....................
5 ....................
6 ....................
7 ....................
8 ........r...........
9 .................r.r

Turn = 98.
  01234567890123456789
0 ..........r.........
1 ....................
2 ....................
3 ....................
4 ....................
5 ....................
6 ....................
7 ..............t.....
8 .......t......t.....
9 ..................r.
0 r.........tt........
1 ..........tt........
2 .r.................r
3 ...................r
4 ....................
5 ....................
6 ....................
7 ....................
8 ....................
9 ........r.........rr

Turn = 100.
  01234567890123456789
0 ........r...........
1 ....................
2 ....................
3 ....................
4 ....................
5 ....................
6 ....................
7 ..............t.....
8 r......t......t.....
9 ....................
0 ..........tt........
1 ..........tt......r.
2 r..................r
3 ..................r.
4 ....................
5 ....................
6 ....................
7 ..................r.
8 ....................
9 ......r...........r.

*** Darwin 4x4 ***
Turn = 0.
  0123
0 .rrr
1 rrrr
2 rrrr
3 rrrr

Turn = 1.
  0123
0 .rrr
1 rrrr
2 rrrr
3 rrrr

Turn = 2.
  0123
0 .rrr
1 rrrr
2 rrrr
3 rrrr

Turn = 3.
  0123
0 .rrr
1 rrrr
2 rrrr
3 rrrr

Turn = 4.
  0123
0 .rrr
1 rrrr
2 rrrr
3 rrrr

Turn = 5.
  0123
0 .rrr
1 rrrr
2 rrrr
3 rrrr

Turn = 6.
  0123
0 r.rr
1 rrrr
2 rrrr
3 rrrr

Turn = 7.
  0123
0 rrr.
1 rrrr
2 rrrr
3 rrrr

Turn = 8.
  0123
0 rrrr
1 rrrr
2 rrr.
3 rrrr

Turn = 9.
  0123
0 rrrr
1 rrrr
2 rrrr
3 rr.r

Turn = 10.
  0123
0 rrrr
1 rrrr
2 rrrr
3 rr.r

Turn = 11.
  0123
0 rrrr
1 rrrr
2 rrrr
3 r.rr

Turn = 12.
  0123
0 rrrr
1 rrrr
2 rrrr
3 .rrr

Turn = 13.
  0123
0 rrrr
1 rrrr
2 rrrr
3 .rrr

Turn = 14.
  0123
0 rrrr
1 rrrr
2 rrrr
3 .rrr

Turn = 15.
  0123
0 rrrr
1 rrrr
2 .rrr
3 rrrr

Turn = 16.
  0123
0 rrrr
1 rrrr
2 rrrr
3 rrr.

Turn = 17.
  0123
0 rrrr
1 rrrr
2 rrr.
3 rrrr

Turn = 18.
  0123
0 rrrr
1 rrrr
2 rrr.
3 rrrr

Turn = 19.
  0123
0 rrrr
1 rrrr
2 rr.r
3 rrrr

Turn = 20.
  0123
0 rrrr
1 rrrr
2 rrrr
3 rr.r

Turn = 21.
  0123
0 rrrr
1 rrrr
2 rrrr
3 r.rr

Turn = 22.
  0123
0 rrrr
1 rrrr
2 rrrr
3 r.rr

Turn = 23.
  0123
0 rrrr
1 rrrr
2 r.rr
3 rrrr

Turn = 24.
  0123
0 rrrr
1 rrrr
2 rrrr
3 rrr.

Turn = 25.
  0123
0 rrrr
1 rrrr
2 rrrr
3 rrr.

Turn = 26.
  0123
0 rrrr
1 rrrr
2 rrrr
3 rrr.

Turn = 27.
  0123
0 rrrr
1 rrrr
2 rrrr
3 rrr.

Turn = 28.
  0123
0 rrrr
1 rrrr
2 rrrr
3 rrr.

Turn = 29.
  0123
0 rrrr
1 rrrr
2 rrr.
3 rrrr

Turn = 30.
  0123
0 rrrr
1 rrrr
2 rrr.
3 rrrr

Turn = 31.
  0123
0 rrrr
1 rrr.
2 rrrr
3 rrrr

Turn = 32.
  0123
0 rrrr
1 rrr.
2 rrrr
3 rrrr

Turn = 33.
  0123
0 rrr.
1 rrrr
2 rrrr
3 rrrr

Turn = 34.
  0123
0 rrr.
1 rrrr
2 rrrr
3 rrrr

Turn = 35.
  0123
0 rrr.
1 rrrr
2 rrrr
3 rrrr

Turn = 36.
  0123
0 rrrr
1 rrrr
2 rr.r
3 rrrr

Turn = 37.
  0123
0 rrrr
1 rrrr
2 r.rr
3 rrrr

Turn = 38.
  0123
0 rrrr
1 rrrr
2 rrrr
3 r.rr

Turn = 39.
  0123
0 rrrr
1 rrrr
2 rrrr
3 r.rr

Turn = 40.
  0123
0 rrrr
1 rrrr
2 rrrr
3 r.rr

Turn = 41.
  0123
0 rrrr
1 rrrr
2 rrrr
3 r.rr

Turn = 42.
  0123
0 rrrr
1 rrrr
2 rrrr
3 r.rr

Turn = 43.
  0123
0 rrrr
1 rrrr
2 rrrr
3 .rrr

Turn = 44.
  0123
0 rrrr
1 rrrr
2 .rrr
3 rrrr

Turn = 45.
  0123
0 rrrr
1 .rrr
2 rrrr
3 rrrr

Turn = 46.
  0123
0 rrrr
1 .rrr
2 rrrr
3 rrrr

Turn = 47.
  0123
0 rrrr
1 .rrr
2 rrrr
3 rrrr

Turn = 48.
  0123
0 .rrr
1 rrrr
2 rrrr
3 rrrr

Turn = 49.
  0123
0 .rrr
1 rrrr
2 rrrr
3 rrrr

Turn = 50.
  0123
0 r.rr
1 rrrr
2 rrrr
3 rrrr

